<?xml version="1.0" encoding="UTF-8"?>
<testng-results ignored="0" total="1" passed="1" failed="0" skipped="0">
  <reporter-output>
  </reporter-output>
  <suite started-at="2024-02-21T12:17:09Z" name="Default suite" finished-at="2024-02-21T12:17:32Z" duration-ms="22801">
    <groups>
    </groups>
    <test started-at="2024-02-21T12:17:09Z" name="Default test" finished-at="2024-02-21T12:17:32Z" duration-ms="22801">
      <class name="testCases.LoginTestCases">
        <test-method signature="login()[pri:0, instance:testCases.LoginTestCases@5890e879]" started-at="2024-02-21T12:17:09Z" name="login" finished-at="2024-02-21T12:17:32Z" duration-ms="22724" status="PASS">
          <reporter-output>
          </reporter-output>
        </test-method> <!-- login -->
      </class> <!-- testCases.LoginTestCases -->
    </test> <!-- Default test -->
  </suite> <!-- Default suite -->
</testng-results>
